     1                                  section .text
     2                                  global main
     3                                  extern printf
     4                                  
     5                                  main:
     6                                  ;;mov rax, 0x16
     7                                  ;;cpuid
     8                                  ;;mov rsi, rax
     9                                  ;;mov rdi, message
    10                                  ;;mov rax, 0
    11                                  ;;call printf
    12                                  ;;
    13                                  ;;mov rsi, rbx
    14                                  ;;mov rdi, message
    15                                  ;;mov rax, 0
    16                                  ;;call printf
    17                                  ;;
    18                                  ;;ret
    19                                  
    20                                  
    21 00000000 B802000080              mov eax, 0x80000002
    22 00000005 0FA2                    cpuid
    23 00000007 890425[00000000]        mov [buffer], eax
    24 0000000E 891C25[04000000]        mov [buffer+4], ebx
    25 00000015 890C25[08000000]        mov [buffer+8], ecx
    26 0000001C 891425[0C000000]        mov [buffer+12], edx
    27                                  
    28 00000023 B803000080              mov eax, 0x80000003
    29 00000028 0FA2                    cpuid
    30 0000002A 890425[10000000]        mov [buffer+16], eax
    31 00000031 891C25[14000000]        mov [buffer+20], ebx
    32 00000038 890C25[18000000]        mov [buffer+24], ecx
    33 0000003F 891425[1C000000]        mov [buffer+28], edx
    34                                  
    35 00000046 B804000080              mov eax, 0x80000004
    36 0000004B 0FA2                    cpuid
    37 0000004D 890425[20000000]        mov [buffer+32], eax
    38 00000054 891C25[24000000]        mov [buffer+36], ebx
    39 0000005B 890C25[28000000]        mov [buffer+40], ecx
    40 00000062 891425[2C000000]        mov [buffer+44], edx
    41                                  
    42 00000069 48BE-                   mov rsi, buffer
    42 0000006B [0000000000000000] 
    43 00000073 48BF-                   mov rdi, message
    43 00000075 [8800000000000000] 
    44 0000007D B800000000              mov rax, 0
    45 00000082 E8(00000000)            call printf
    46 00000087 C3                      ret
    47                                  
    48 00000088 25730A00                message db "%s", 10, 0
    49                                  
    50                                  section .data
    51 00000000 303030303030303030-     buffer db "0000000000000000000000000000000000000000000000", 0
    51 00000009 303030303030303030-
    51 00000012 303030303030303030-
    51 0000001B 303030303030303030-
    51 00000024 303030303030303030-
    51 0000002D 3000               
